<?xml version="1.0" encoding="UTF-8"?>
<!-- Generated by org.testng.reporters.JUnitReportReporter -->
<testsuite hostname="LAP1180" failures="0" tests="7" name="com.qa.tests.LoginTests" time="-1653060096.000" errors="1" timestamp="2022-05-20T12:24:29 UYT" skipped="3">
  <testcase classname="com.qa.tests.LoginTests" name="beforeTest" time="-1653060096.000">
    <error message="
Parameter &#039;unlockType&#039; is required by BeforeTest on method beforeTest but has not been marked @Optional or defined
in C:\Users\clara.brizuela\Documents\Automation\Appium-TDDFramework\testng.xml" type="org.testng.TestNGException">
      <![CDATA[org.testng.TestNGException: 
Parameter 'unlockType' is required by BeforeTest on method beforeTest but has not been marked @Optional or defined
in C:\Users\clara.brizuela\Documents\Automation\Appium-TDDFramework\testng.xml
at org.testng.internal.Parameters.createParams(Parameters.java:270)
at org.testng.internal.Parameters.createParametersForMethod(Parameters.java:358)
at org.testng.internal.Parameters.createParameters(Parameters.java:700)
at org.testng.internal.Parameters.createConfigurationParameters(Parameters.java:168)
at org.testng.internal.ConfigInvoker.invokeConfigurations(ConfigInvoker.java:302)
at org.testng.TestRunner.invokeTestConfigurations(TestRunner.java:637)
at org.testng.TestRunner.beforeRun(TestRunner.java:627)
at org.testng.TestRunner.run(TestRunner.java:589)
at org.testng.SuiteRunner.runTest(SuiteRunner.java:377)
at org.testng.SuiteRunner.access$000(SuiteRunner.java:28)
at org.testng.SuiteRunner$SuiteWorker.run(SuiteRunner.java:418)
at org.testng.internal.thread.ThreadUtil.lambda$execute$0(ThreadUtil.java:64)
at java.base/java.util.concurrent.FutureTask.run(FutureTask.java:264)
at java.base/java.util.concurrent.ThreadPoolExecutor.runWorker(ThreadPoolExecutor.java:1128)
at java.base/java.util.concurrent.ThreadPoolExecutor$Worker.run(ThreadPoolExecutor.java:628)
at java.base/java.lang.Thread.run(Thread.java:829)
]]>
    </error>
  </testcase> <!-- beforeTest -->
  <system-out/>
  <testcase classname="com.qa.tests.LoginTests" name="invalidPassword" time="7.049"/>
  <system-out/>
  <testcase classname="com.qa.tests.LoginTests" name="invalidPassword" time="0.000">
    <skipped/>
  </testcase> <!-- invalidPassword -->
  <system-out/>
  <testcase classname="com.qa.tests.LoginTests" name="successfulLogin" time="0.000">
    <skipped/>
  </testcase> <!-- successfulLogin -->
  <system-out/>
  <testcase classname="com.qa.tests.LoginTests" name="invalidUserName" time="0.000">
    <skipped/>
  </testcase> <!-- invalidUserName -->
  <system-out/>
  <testcase classname="com.qa.tests.LoginTests" name="invalidUserName" time="5.024"/>
  <system-out/>
  <testcase classname="com.qa.tests.LoginTests" name="successfulLogin" time="6.657"/>
  <system-out/>
</testsuite> <!-- com.qa.tests.LoginTests -->
